\BOOKMARK [0][-]{chapter*.1}{Wstep}{}% 1
\BOOKMARK [0][-]{chapter.1}{ 1. Liczby pierwsze}{}% 2
\BOOKMARK [1][-]{section.1.1}{Zasadnicze twierdzenie arytmetyki i twierdzenie Euklidesa}{chapter.1}% 3
\BOOKMARK [1][-]{section.1.2}{Sito Eratostenesa i sito Atkina}{chapter.1}% 4
\BOOKMARK [1][-]{section.1.3}{Spirala Ulama}{chapter.1}% 5
\BOOKMARK [1][-]{section.1.4}{Twierdzenie Wilsona i male twierdzenie Fermata}{chapter.1}% 6
\BOOKMARK [1][-]{section.1.5}{Wlasnosci liczb pierwszych}{chapter.1}% 7
\BOOKMARK [1][-]{section.1.6}{Funkcja Eulera i "porzadek mnozacy"}{chapter.1}% 8
\BOOKMARK [0][-]{chapter.2}{ 2. Testy pierwszosci liczb}{}% 9
\BOOKMARK [1][-]{section.2.1}{Testy deterministyczne}{chapter.2}% 10
\BOOKMARK [2][-]{subsection.2.1.1}{Metoda naiwna}{section.2.1}% 11
\BOOKMARK [2][-]{subsection.2.1.2}{Test pierwszosci AKS}{section.2.1}% 12
\BOOKMARK [1][-]{section.2.2}{Testy probabilistyczne}{chapter.2}% 13
\BOOKMARK [2][-]{subsection.2.2.1}{Test pierwszosci Fermata}{section.2.2}% 14
\BOOKMARK [2][-]{subsection.2.2.2}{Test pierwszosci Lehmana}{section.2.2}% 15
\BOOKMARK [2][-]{subsection.2.2.3}{Test pierwszosci Solovaya-Strassena}{section.2.2}% 16
\BOOKMARK [2][-]{subsection.2.2.4}{Test pierwszosci Millera-Rabina}{section.2.2}% 17
\BOOKMARK [1][-]{section.2.3}{Chinski test pierwszosci}{chapter.2}% 18
\BOOKMARK [1][-]{section.2.4}{Test pierwszosci APR}{chapter.2}% 19
\BOOKMARK [1][-]{section.2.5}{Test pierwszosci ECPP}{chapter.2}% 20
\BOOKMARK [1][-]{section.2.6}{Test Lucasa-Lehmera}{chapter.2}% 21
\BOOKMARK [0][-]{chapter.3}{ 3. Zastosowania w kryptografii}{}% 22
\BOOKMARK [0][-]{chapter*.2}{Bibliografia}{}% 23
